生成启动时间为 2018/6/14 17:55:54。
     1>项目“D:\Project\vs2013\OpenCVCameraDemo\OpenCVCameraDemo\OpenCVCameraDemo.vcxproj”在节点 2 上(Build 个目标)。
     1>ClCompile:
         D:\Program Files (x86)\Microsoft Visual Studio 12.0\VC\bin\CL.exe /c /I.\3rdParty\OpenCV2.4\include\opencv2 /I.\3rdParty\OpenCV2.4\include\opencv /I.\3rdParty\OpenCV2.4\include /I.\GeneratedFiles /I. /ID:\Qt\Qt5.6.2VS2013\5.6\msvc2013\include /I.\GeneratedFiles\Debug /ID:\Qt\Qt5.6.2VS2013\5.6\msvc2013\include\QtCore /ID:\Qt\Qt5.6.2VS2013\5.6\msvc2013\include\QtGui /ID:\Qt\Qt5.6.2VS2013\5.6\msvc2013\include\QtWidgets /ID:\Qt\Qt5.6.2VS2013\5.6\msvc2013\include\QtMultimedia /ID:\Qt\Qt5.6.2VS2013\5.6\msvc2013\include\QtMultimediaWidgets /I.\3rdParty\OpenCV2.4 /Zi /nologo /W1 /WX- /Od /Oy- /D UNICODE /D WIN32 /D WIN64 /D QT_DLL /D QT_CORE_LIB /D QT_GUI_LIB /D QT_WIDGETS_LIB /D QT_MULTIMEDIA_LIB /D QT_MULTIMEDIAWIDGETS_LIB /Gm- /EHsc /MDd /GS /fp:precise /Zc:wchar_t /Zc:forScope /Fo"Debug\\" /Fd"Debug\vc120.pdb" /Gd /TP /analyze- /errorReport:prompt OpenCVCameraDemo.cpp
         OpenCVCameraDemo.cpp
       Link:
         D:\Program Files (x86)\Microsoft Visual Studio 12.0\VC\bin\link.exe /ERRORREPORT:PROMPT /OUT:"D:\Project\vs2013\OpenCVCameraDemo\Win32\Debug\\OpenCVCameraDemo.exe" /NOLOGO /LIBPATH:.\3rdParty\OpenCV2.4\lib /LIBPATH:D:\Qt\Qt5.6.2VS2013\5.6\msvc2013\lib qtmaind.lib Qt5Cored.lib Qt5Guid.lib Qt5Widgetsd.lib Qt5Multimediad.lib Qt5MultimediaWidgetsd.lib kernel32.lib user32.lib gdi32.lib winspool.lib comdlg32.lib advapi32.lib shell32.lib ole32.lib oleaut32.lib uuid.lib odbc32.lib odbccp32.lib /MANIFEST /MANIFESTUAC:"level='asInvoker' uiAccess='false'" /manifest:embed /DEBUG /PDB:"D:\Project\vs2013\OpenCVCameraDemo\Win32\Debug\OpenCVCameraDemo.pdb" /SUBSYSTEM:WINDOWS /TLBID:1 /DYNAMICBASE /NXCOMPAT /IMPLIB:"D:\Project\vs2013\OpenCVCameraDemo\Win32\Debug\OpenCVCameraDemo.lib" /MACHINE:X86 /SAFESEH Debug\CameraWidget.obj
         Debug\OpenCVPlayVedioPanel.obj
         Debug\moc_CameraWidget.obj
         Debug\moc_OpenCVCameraDemo.obj
         Debug\moc_OpenCVCameraWidget.obj
         Debug\moc_OpenCVPlayVedioPanel.obj
         Debug\qrc_OpenCVCameraDemo.obj
         Debug\main.obj
         Debug\OpenCVCameraDemo.obj
         Debug\OpenCVCameraWidget.obj
         OpenCVCameraDemo.vcxproj -> D:\Project\vs2013\OpenCVCameraDemo\Win32\Debug\OpenCVCameraDemo.exe
     1>已完成生成项目“D:\Project\vs2013\OpenCVCameraDemo\OpenCVCameraDemo\OpenCVCameraDemo.vcxproj”(Build 个目标)的操作。

生成成功。

已用时间 00:00:02.19
